18/03/06 12:16:22 INFO SparkContext: Running Spark version 2.2.0
18/03/06 12:16:22 WARN NativeCodeLoader: Unable to load native-hadoop library for your platform... using builtin-java classes where applicable
18/03/06 12:16:22 INFO SparkContext: Submitted application: sparklyr
18/03/06 12:16:22 INFO SecurityManager: Changing view acls to: Zeus
18/03/06 12:16:22 INFO SecurityManager: Changing modify acls to: Zeus
18/03/06 12:16:22 INFO SecurityManager: Changing view acls groups to: 
18/03/06 12:16:22 INFO SecurityManager: Changing modify acls groups to: 
18/03/06 12:16:22 INFO SecurityManager: SecurityManager: authentication disabled; ui acls disabled; users  with view permissions: Set(Zeus); groups with view permissions: Set(); users  with modify permissions: Set(Zeus); groups with modify permissions: Set()
18/03/06 12:16:22 INFO Utils: Successfully started service 'sparkDriver' on port 51264.
18/03/06 12:16:22 INFO SparkEnv: Registering MapOutputTracker
18/03/06 12:16:22 INFO SparkEnv: Registering BlockManagerMaster
18/03/06 12:16:22 INFO BlockManagerMasterEndpoint: Using org.apache.spark.storage.DefaultTopologyMapper for getting topology information
18/03/06 12:16:22 INFO BlockManagerMasterEndpoint: BlockManagerMasterEndpoint up
18/03/06 12:16:23 INFO DiskBlockManager: Created local directory at C:\Users\Zeus\AppData\Local\Temp\blockmgr-9d03fb4c-b40d-44af-9068-08f92cce1ab6
18/03/06 12:16:23 INFO MemoryStore: MemoryStore started with capacity 366.3 MB
18/03/06 12:16:23 INFO SparkEnv: Registering OutputCommitCoordinator
18/03/06 12:16:23 INFO Utils: Successfully started service 'SparkUI' on port 4040.
18/03/06 12:16:23 INFO SparkUI: Bound SparkUI to 127.0.0.1, and started at http://127.0.0.1:4040
18/03/06 12:16:23 INFO SparkContext: Added JAR file:/M:/Documents/R/win-library/3.4/sparklyr/java/sparklyr-2.2-2.11.jar at spark://127.0.0.1:51264/jars/sparklyr-2.2-2.11.jar with timestamp 1520367383248
18/03/06 12:16:23 INFO Executor: Starting executor ID driver on host localhost
18/03/06 12:16:23 INFO Utils: Successfully started service 'org.apache.spark.network.netty.NettyBlockTransferService' on port 51305.
18/03/06 12:16:23 INFO NettyBlockTransferService: Server created on 127.0.0.1:51305
18/03/06 12:16:23 INFO BlockManager: Using org.apache.spark.storage.RandomBlockReplicationPolicy for block replication policy
18/03/06 12:16:23 INFO BlockManagerMaster: Registering BlockManager BlockManagerId(driver, 127.0.0.1, 51305, None)
18/03/06 12:16:23 INFO BlockManagerMasterEndpoint: Registering block manager 127.0.0.1:51305 with 366.3 MB RAM, BlockManagerId(driver, 127.0.0.1, 51305, None)
18/03/06 12:16:23 INFO BlockManagerMaster: Registered BlockManager BlockManagerId(driver, 127.0.0.1, 51305, None)
18/03/06 12:16:23 INFO BlockManager: Initialized BlockManager: BlockManagerId(driver, 127.0.0.1, 51305, None)
18/03/06 12:16:23 WARN SparkContext: Using an existing SparkContext; some configuration may not take effect.
18/03/06 12:16:23 INFO SharedState: loading hive config file: file:/C:/Users/Zeus/AppData/Local/spark/spark-2.2.0-bin-hadoop2.7/conf/hive-site.xml
18/03/06 12:16:23 INFO SharedState: Setting hive.metastore.warehouse.dir ('C:\Users\Zeus\AppData\Local\spark\spark-2.2.0-bin-hadoop2.7\tmp\hive') to the value of spark.sql.warehouse.dir ('C:UsersZeusAppDataLocalsparkspark-2.2.0-bin-hadoop2.7	mphive').
18/03/06 12:16:23 INFO SharedState: Warehouse path is 'C:UsersZeusAppDataLocalsparkspark-2.2.0-bin-hadoop2.7	mphive'.
18/03/06 12:16:24 INFO HiveUtils: Initializing HiveMetastoreConnection version 1.2.1 using Spark classes.
18/03/06 12:16:24 INFO HiveMetaStore: 0: Opening raw store with implemenation class:org.apache.hadoop.hive.metastore.ObjectStore
18/03/06 12:16:24 INFO ObjectStore: ObjectStore, initialize called
18/03/06 12:16:24 INFO Persistence: Property hive.metastore.integral.jdo.pushdown unknown - will be ignored
18/03/06 12:16:24 INFO Persistence: Property datanucleus.cache.level2 unknown - will be ignored
18/03/06 12:16:25 INFO ObjectStore: Setting MetaStore object pin classes with hive.metastore.cache.pinobjtypes="Table,StorageDescriptor,SerDeInfo,Partition,Database,Type,FieldSchema,Order"
18/03/06 12:16:26 INFO Datastore: The class "org.apache.hadoop.hive.metastore.model.MFieldSchema" is tagged as "embedded-only" so does not have its own datastore table.
18/03/06 12:16:26 INFO Datastore: The class "org.apache.hadoop.hive.metastore.model.MOrder" is tagged as "embedded-only" so does not have its own datastore table.
18/03/06 12:16:26 INFO Datastore: The class "org.apache.hadoop.hive.metastore.model.MFieldSchema" is tagged as "embedded-only" so does not have its own datastore table.
18/03/06 12:16:26 INFO Datastore: The class "org.apache.hadoop.hive.metastore.model.MOrder" is tagged as "embedded-only" so does not have its own datastore table.
18/03/06 12:16:26 INFO MetaStoreDirectSql: Using direct SQL, underlying DB is DERBY
18/03/06 12:16:26 INFO ObjectStore: Initialized ObjectStore
18/03/06 12:16:26 WARN ObjectStore: Version information not found in metastore. hive.metastore.schema.verification is not enabled so recording the schema version 1.2.0
18/03/06 12:16:26 WARN ObjectStore: Failed to get database default, returning NoSuchObjectException
18/03/06 12:16:27 INFO HiveMetaStore: Added admin role in metastore
18/03/06 12:16:27 INFO HiveMetaStore: Added public role in metastore
18/03/06 12:16:27 INFO HiveMetaStore: No user is added in admin role, since config is empty
18/03/06 12:16:27 INFO HiveMetaStore: 0: get_all_databases
18/03/06 12:16:27 INFO audit: ugi=Zeus	ip=unknown-ip-addr	cmd=get_all_databases	
18/03/06 12:16:27 INFO HiveMetaStore: 0: get_functions: db=default pat=*
18/03/06 12:16:27 INFO audit: ugi=Zeus	ip=unknown-ip-addr	cmd=get_functions: db=default pat=*	
18/03/06 12:16:27 INFO Datastore: The class "org.apache.hadoop.hive.metastore.model.MResourceUri" is tagged as "embedded-only" so does not have its own datastore table.
18/03/06 12:16:27 INFO SessionState: Created HDFS directory: C:/Users/Zeus/AppData/Local/spark/spark-2.2.0-bin-hadoop2.7/tmp/hive/Zeus
18/03/06 12:16:27 INFO SessionState: Created local directory: C:/Users/Zeus/AppData/Local/Temp/eb24bf61-fde5-4e66-96d3-8cd2aa52f612_resources
18/03/06 12:16:27 INFO SessionState: Created HDFS directory: C:/Users/Zeus/AppData/Local/spark/spark-2.2.0-bin-hadoop2.7/tmp/hive/Zeus/eb24bf61-fde5-4e66-96d3-8cd2aa52f612
18/03/06 12:16:27 INFO SessionState: Created local directory: C:/Users/Zeus/AppData/Local/spark/spark-2.2.0-bin-hadoop2.7/tmp/hive/eb24bf61-fde5-4e66-96d3-8cd2aa52f612
18/03/06 12:16:27 INFO SessionState: Created HDFS directory: C:/Users/Zeus/AppData/Local/spark/spark-2.2.0-bin-hadoop2.7/tmp/hive/Zeus/eb24bf61-fde5-4e66-96d3-8cd2aa52f612/_tmp_space.db
18/03/06 12:16:27 INFO HiveClientImpl: Warehouse location for Hive client (version 1.2.1) is C:UsersZeusAppDataLocalsparkspark-2.2.0-bin-hadoop2.7	mphive
18/03/06 12:16:27 INFO HiveMetaStore: 0: get_database: default
18/03/06 12:16:27 INFO audit: ugi=Zeus	ip=unknown-ip-addr	cmd=get_database: default	
18/03/06 12:16:27 INFO HiveMetaStore: 0: get_database: global_temp
18/03/06 12:16:27 INFO audit: ugi=Zeus	ip=unknown-ip-addr	cmd=get_database: global_temp	
18/03/06 12:16:27 WARN ObjectStore: Failed to get database global_temp, returning NoSuchObjectException
18/03/06 12:16:27 INFO SessionState: Created local directory: C:/Users/Zeus/AppData/Local/Temp/88c9e33a-b1cc-41a4-b35e-2ee29081bb9b_resources
18/03/06 12:16:27 INFO SessionState: Created HDFS directory: C:/Users/Zeus/AppData/Local/spark/spark-2.2.0-bin-hadoop2.7/tmp/hive/Zeus/88c9e33a-b1cc-41a4-b35e-2ee29081bb9b
18/03/06 12:16:27 INFO SessionState: Created local directory: C:/Users/Zeus/AppData/Local/spark/spark-2.2.0-bin-hadoop2.7/tmp/hive/88c9e33a-b1cc-41a4-b35e-2ee29081bb9b
18/03/06 12:16:27 INFO SessionState: Created HDFS directory: C:/Users/Zeus/AppData/Local/spark/spark-2.2.0-bin-hadoop2.7/tmp/hive/Zeus/88c9e33a-b1cc-41a4-b35e-2ee29081bb9b/_tmp_space.db
18/03/06 12:16:27 INFO HiveClientImpl: Warehouse location for Hive client (version 1.2.1) is C:UsersZeusAppDataLocalsparkspark-2.2.0-bin-hadoop2.7	mphive
18/03/06 12:16:27 INFO StateStoreCoordinatorRef: Registered StateStoreCoordinator endpoint
18/03/06 12:16:27 INFO SparkSqlParser: Parsing command: SHOW TABLES
18/03/06 12:16:29 INFO HiveMetaStore: 0: get_database: default
18/03/06 12:16:29 INFO audit: ugi=Zeus	ip=unknown-ip-addr	cmd=get_database: default	
18/03/06 12:16:29 INFO HiveMetaStore: 0: get_database: default
18/03/06 12:16:29 INFO audit: ugi=Zeus	ip=unknown-ip-addr	cmd=get_database: default	
18/03/06 12:16:29 INFO HiveMetaStore: 0: get_tables: db=default pat=*
18/03/06 12:16:29 INFO audit: ugi=Zeus	ip=unknown-ip-addr	cmd=get_tables: db=default pat=*	
18/03/06 12:16:29 WARN SparkSession$Builder: Using an existing SparkSession; some configuration may not take effect.
18/03/06 12:16:29 INFO SparkSqlParser: Parsing command: SHOW TABLES
18/03/06 12:16:29 INFO HiveMetaStore: 0: get_database: default
18/03/06 12:16:29 INFO audit: ugi=Zeus	ip=unknown-ip-addr	cmd=get_database: default	
18/03/06 12:16:29 INFO HiveMetaStore: 0: get_database: default
18/03/06 12:16:29 INFO audit: ugi=Zeus	ip=unknown-ip-addr	cmd=get_database: default	
18/03/06 12:16:29 INFO HiveMetaStore: 0: get_tables: db=default pat=*
18/03/06 12:16:29 INFO audit: ugi=Zeus	ip=unknown-ip-addr	cmd=get_tables: db=default pat=*	
18/03/06 12:33:06 INFO SparkContext: Invoking stop() from shutdown hook
18/03/06 12:33:06 INFO SparkUI: Stopped Spark web UI at http://127.0.0.1:4040
18/03/06 12:33:06 INFO MapOutputTrackerMasterEndpoint: MapOutputTrackerMasterEndpoint stopped!
18/03/06 12:33:06 INFO MemoryStore: MemoryStore cleared
18/03/06 12:33:06 INFO BlockManager: BlockManager stopped
18/03/06 12:33:06 INFO BlockManagerMaster: BlockManagerMaster stopped
18/03/06 12:33:06 INFO OutputCommitCoordinator$OutputCommitCoordinatorEndpoint: OutputCommitCoordinator stopped!
18/03/06 12:33:06 INFO SparkContext: Successfully stopped SparkContext
18/03/06 12:33:06 INFO ShutdownHookManager: Shutdown hook called
18/03/06 12:33:06 INFO ShutdownHookManager: Deleting directory C:\Users\Zeus\AppData\Local\Temp\spark-4c093aae-c18d-4f52-b420-5f8d4fd2e62c
